  Actor.cpp
c:\users\administrator\source\repos\zombiedash\zombiedash\actor.cpp(146): warning C4244: '=': conversion from 'double' to 'int', possible loss of data
c:\users\administrator\source\repos\zombiedash\zombiedash\actor.cpp(147): warning C4244: '=': conversion from 'double' to 'int', possible loss of data
c:\users\administrator\source\repos\zombiedash\zombiedash\actor.cpp(150): warning C4244: '=': conversion from 'double' to 'int', possible loss of data
c:\users\administrator\source\repos\zombiedash\zombiedash\actor.cpp(151): warning C4244: '=': conversion from 'double' to 'int', possible loss of data
c:\users\administrator\source\repos\zombiedash\zombiedash\actor.cpp(154): warning C4244: '=': conversion from 'double' to 'int', possible loss of data
c:\users\administrator\source\repos\zombiedash\zombiedash\actor.cpp(155): warning C4244: '=': conversion from 'double' to 'int', possible loss of data
c:\users\administrator\source\repos\zombiedash\zombiedash\actor.cpp(158): warning C4244: '=': conversion from 'double' to 'int', possible loss of data
c:\users\administrator\source\repos\zombiedash\zombiedash\actor.cpp(159): warning C4244: '=': conversion from 'double' to 'int', possible loss of data
c:\users\administrator\source\repos\zombiedash\zombiedash\actor.cpp(230): warning C4244: 'argument': conversion from 'double' to 'int', possible loss of data
c:\users\administrator\source\repos\zombiedash\zombiedash\actor.cpp(239): warning C4244: 'argument': conversion from 'double' to 'int', possible loss of data
c:\users\administrator\source\repos\zombiedash\zombiedash\actor.cpp(248): warning C4244: 'argument': conversion from 'double' to 'int', possible loss of data
c:\users\administrator\source\repos\zombiedash\zombiedash\actor.cpp(257): warning C4244: 'argument': conversion from 'double' to 'int', possible loss of data
c:\users\administrator\source\repos\zombiedash\zombiedash\actor.cpp(283): warning C4244: 'argument': conversion from 'double' to 'int', possible loss of data
c:\users\administrator\source\repos\zombiedash\zombiedash\actor.cpp(326): warning C4244: 'argument': conversion from 'double' to 'int', possible loss of data
c:\users\administrator\source\repos\zombiedash\zombiedash\actor.cpp(400): warning C4244: 'argument': conversion from 'double' to 'int', possible loss of data
c:\users\administrator\source\repos\zombiedash\zombiedash\actor.cpp(401): warning C4244: 'argument': conversion from 'double' to 'int', possible loss of data
c:\users\administrator\source\repos\zombiedash\zombiedash\actor.cpp(404): warning C4244: 'argument': conversion from 'double' to 'int', possible loss of data
c:\users\administrator\source\repos\zombiedash\zombiedash\actor.cpp(405): warning C4244: 'argument': conversion from 'double' to 'int', possible loss of data
c:\users\administrator\source\repos\zombiedash\zombiedash\actor.cpp(408): warning C4244: 'argument': conversion from 'double' to 'int', possible loss of data
c:\users\administrator\source\repos\zombiedash\zombiedash\actor.cpp(409): warning C4244: 'argument': conversion from 'double' to 'int', possible loss of data
c:\users\administrator\source\repos\zombiedash\zombiedash\actor.cpp(412): warning C4244: 'argument': conversion from 'double' to 'int', possible loss of data
c:\users\administrator\source\repos\zombiedash\zombiedash\actor.cpp(413): warning C4244: 'argument': conversion from 'double' to 'int', possible loss of data
c:\users\administrator\source\repos\zombiedash\zombiedash\actor.cpp(427): warning C4244: 'argument': conversion from 'double' to 'int', possible loss of data
c:\users\administrator\source\repos\zombiedash\zombiedash\actor.cpp(434): warning C4244: 'argument': conversion from 'double' to 'int', possible loss of data
c:\users\administrator\source\repos\zombiedash\zombiedash\actor.cpp(441): warning C4244: 'argument': conversion from 'double' to 'int', possible loss of data
c:\users\administrator\source\repos\zombiedash\zombiedash\actor.cpp(448): warning C4244: 'argument': conversion from 'double' to 'int', possible loss of data
c:\users\administrator\source\repos\zombiedash\zombiedash\actor.cpp(505): warning C4244: 'argument': conversion from 'double' to 'int', possible loss of data
c:\users\administrator\source\repos\zombiedash\zombiedash\actor.cpp(514): warning C4244: 'argument': conversion from 'double' to 'int', possible loss of data
c:\users\administrator\source\repos\zombiedash\zombiedash\actor.cpp(523): warning C4244: 'argument': conversion from 'double' to 'int', possible loss of data
c:\users\administrator\source\repos\zombiedash\zombiedash\actor.cpp(536): warning C4244: 'argument': conversion from 'double' to 'int', possible loss of data
c:\users\administrator\source\repos\zombiedash\zombiedash\actor.cpp(545): warning C4244: 'argument': conversion from 'double' to 'int', possible loss of data
c:\users\administrator\source\repos\zombiedash\zombiedash\actor.cpp(563): warning C4244: 'argument': conversion from 'double' to 'int', possible loss of data
c:\users\administrator\source\repos\zombiedash\zombiedash\actor.cpp(569): warning C4244: 'argument': conversion from 'double' to 'int', possible loss of data
c:\users\administrator\source\repos\zombiedash\zombiedash\actor.cpp(577): warning C4244: 'argument': conversion from 'double' to 'int', possible loss of data
c:\users\administrator\source\repos\zombiedash\zombiedash\actor.cpp(583): warning C4244: 'argument': conversion from 'double' to 'int', possible loss of data
c:\users\administrator\source\repos\zombiedash\zombiedash\actor.cpp(597): warning C4244: 'argument': conversion from 'double' to 'int', possible loss of data
c:\users\administrator\source\repos\zombiedash\zombiedash\actor.cpp(603): warning C4244: 'argument': conversion from 'double' to 'int', possible loss of data
c:\users\administrator\source\repos\zombiedash\zombiedash\actor.cpp(611): warning C4244: 'argument': conversion from 'double' to 'int', possible loss of data
c:\users\administrator\source\repos\zombiedash\zombiedash\actor.cpp(617): warning C4244: 'argument': conversion from 'double' to 'int', possible loss of data
c:\users\administrator\source\repos\zombiedash\zombiedash\actor.cpp(634): warning C4244: 'argument': conversion from 'double' to 'int', possible loss of data
c:\users\administrator\source\repos\zombiedash\zombiedash\actor.cpp(640): warning C4244: 'argument': conversion from 'double' to 'int', possible loss of data
c:\users\administrator\source\repos\zombiedash\zombiedash\actor.cpp(648): warning C4244: 'argument': conversion from 'double' to 'int', possible loss of data
c:\users\administrator\source\repos\zombiedash\zombiedash\actor.cpp(654): warning C4244: 'argument': conversion from 'double' to 'int', possible loss of data
c:\users\administrator\source\repos\zombiedash\zombiedash\actor.cpp(668): warning C4244: 'argument': conversion from 'double' to 'int', possible loss of data
c:\users\administrator\source\repos\zombiedash\zombiedash\actor.cpp(674): warning C4244: 'argument': conversion from 'double' to 'int', possible loss of data
c:\users\administrator\source\repos\zombiedash\zombiedash\actor.cpp(682): warning C4244: 'argument': conversion from 'double' to 'int', possible loss of data
c:\users\administrator\source\repos\zombiedash\zombiedash\actor.cpp(688): warning C4244: 'argument': conversion from 'double' to 'int', possible loss of data
c:\users\administrator\source\repos\zombiedash\zombiedash\actor.cpp(710): warning C4244: 'argument': conversion from 'double' to 'int', possible loss of data
c:\users\administrator\source\repos\zombiedash\zombiedash\actor.cpp(711): warning C4244: 'argument': conversion from 'double' to 'int', possible loss of data
c:\users\administrator\source\repos\zombiedash\zombiedash\actor.cpp(712): warning C4244: 'argument': conversion from 'double' to 'int', possible loss of data
c:\users\administrator\source\repos\zombiedash\zombiedash\actor.cpp(713): warning C4244: 'argument': conversion from 'double' to 'int', possible loss of data
c:\users\administrator\source\repos\zombiedash\zombiedash\actor.cpp(714): warning C4244: 'argument': conversion from 'double' to 'int', possible loss of data
c:\users\administrator\source\repos\zombiedash\zombiedash\actor.cpp(715): warning C4244: 'argument': conversion from 'double' to 'int', possible loss of data
c:\users\administrator\source\repos\zombiedash\zombiedash\actor.cpp(716): warning C4244: 'argument': conversion from 'double' to 'int', possible loss of data
c:\users\administrator\source\repos\zombiedash\zombiedash\actor.cpp(717): warning C4244: 'argument': conversion from 'double' to 'int', possible loss of data
c:\users\administrator\source\repos\zombiedash\zombiedash\actor.cpp(720): warning C4244: 'argument': conversion from 'double' to 'int', possible loss of data
c:\users\administrator\source\repos\zombiedash\zombiedash\actor.cpp(724): warning C4244: 'argument': conversion from 'double' to 'int', possible loss of data
c:\users\administrator\source\repos\zombiedash\zombiedash\actor.cpp(730): warning C4244: 'argument': conversion from 'double' to 'int', possible loss of data
c:\users\administrator\source\repos\zombiedash\zombiedash\actor.cpp(736): warning C4244: 'argument': conversion from 'double' to 'int', possible loss of data
c:\users\administrator\source\repos\zombiedash\zombiedash\actor.cpp(742): warning C4244: 'argument': conversion from 'double' to 'int', possible loss of data
c:\users\administrator\source\repos\zombiedash\zombiedash\actor.cpp(769): warning C4244: 'argument': conversion from 'double' to 'int', possible loss of data
c:\users\administrator\source\repos\zombiedash\zombiedash\actor.cpp(778): warning C4244: 'argument': conversion from 'double' to 'int', possible loss of data
c:\users\administrator\source\repos\zombiedash\zombiedash\actor.cpp(837): warning C4244: 'argument': conversion from 'double' to 'int', possible loss of data
c:\users\administrator\source\repos\zombiedash\zombiedash\actor.cpp(844): warning C4244: 'argument': conversion from 'double' to 'int', possible loss of data
c:\users\administrator\source\repos\zombiedash\zombiedash\actor.cpp(851): warning C4244: 'argument': conversion from 'double' to 'int', possible loss of data
c:\users\administrator\source\repos\zombiedash\zombiedash\actor.cpp(858): warning C4244: 'argument': conversion from 'double' to 'int', possible loss of data
c:\users\administrator\source\repos\zombiedash\zombiedash\actor.cpp(905): warning C4244: 'argument': conversion from 'double' to 'int', possible loss of data
c:\users\administrator\source\repos\zombiedash\zombiedash\actor.cpp(995): warning C4244: 'argument': conversion from 'double' to 'int', possible loss of data
c:\users\administrator\source\repos\zombiedash\zombiedash\actor.cpp(1009): warning C4244: 'argument': conversion from 'double' to 'int', possible loss of data
c:\users\administrator\source\repos\zombiedash\zombiedash\actor.cpp(1023): warning C4244: 'argument': conversion from 'double' to 'int', possible loss of data
c:\users\administrator\source\repos\zombiedash\zombiedash\actor.cpp(1073): warning C4244: 'argument': conversion from 'double' to 'int', possible loss of data
c:\users\administrator\source\repos\zombiedash\zombiedash\actor.cpp(1085): warning C4244: 'argument': conversion from 'double' to 'int', possible loss of data
c:\users\administrator\source\repos\zombiedash\zombiedash\actor.cpp(1089): warning C4244: 'argument': conversion from 'double' to 'int', possible loss of data
c:\users\administrator\source\repos\zombiedash\zombiedash\actor.cpp(1091): warning C4244: 'argument': conversion from 'double' to 'int', possible loss of data
c:\users\administrator\source\repos\zombiedash\zombiedash\actor.cpp(1096): warning C4244: 'argument': conversion from 'double' to 'int', possible loss of data
c:\users\administrator\source\repos\zombiedash\zombiedash\actor.cpp(1098): warning C4244: 'argument': conversion from 'double' to 'int', possible loss of data
c:\users\administrator\source\repos\zombiedash\zombiedash\actor.cpp(1103): warning C4244: 'argument': conversion from 'double' to 'int', possible loss of data
c:\users\administrator\source\repos\zombiedash\zombiedash\actor.cpp(1105): warning C4244: 'argument': conversion from 'double' to 'int', possible loss of data
c:\users\administrator\source\repos\zombiedash\zombiedash\actor.cpp(1110): warning C4244: 'argument': conversion from 'double' to 'int', possible loss of data
c:\users\administrator\source\repos\zombiedash\zombiedash\actor.cpp(1112): warning C4244: 'argument': conversion from 'double' to 'int', possible loss of data
c:\users\administrator\source\repos\zombiedash\zombiedash\actor.cpp(1117): warning C4244: 'argument': conversion from 'double' to 'int', possible loss of data
c:\users\administrator\source\repos\zombiedash\zombiedash\actor.cpp(1119): warning C4244: 'argument': conversion from 'double' to 'int', possible loss of data
c:\users\administrator\source\repos\zombiedash\zombiedash\actor.cpp(1124): warning C4244: 'argument': conversion from 'double' to 'int', possible loss of data
c:\users\administrator\source\repos\zombiedash\zombiedash\actor.cpp(1127): warning C4244: 'argument': conversion from 'double' to 'int', possible loss of data
c:\users\administrator\source\repos\zombiedash\zombiedash\actor.cpp(1132): warning C4244: 'argument': conversion from 'double' to 'int', possible loss of data
c:\users\administrator\source\repos\zombiedash\zombiedash\actor.cpp(1134): warning C4244: 'argument': conversion from 'double' to 'int', possible loss of data
c:\users\administrator\source\repos\zombiedash\zombiedash\actor.cpp(1139): warning C4244: 'argument': conversion from 'double' to 'int', possible loss of data
c:\users\administrator\source\repos\zombiedash\zombiedash\actor.cpp(1141): warning C4244: 'argument': conversion from 'double' to 'int', possible loss of data
c:\users\administrator\source\repos\zombiedash\zombiedash\actor.cpp(1145): warning C4244: 'argument': conversion from 'double' to 'int', possible loss of data
c:\users\administrator\source\repos\zombiedash\zombiedash\actor.cpp(1179): warning C4244: 'argument': conversion from 'double' to 'int', possible loss of data
c:\users\administrator\source\repos\zombiedash\zombiedash\actor.cpp(1189): warning C4244: 'argument': conversion from 'double' to 'int', possible loss of data
  StudentWorld.cpp
c:\users\administrator\source\repos\zombiedash\zombiedash\studentworld.cpp(240): warning C4244: 'initializing': conversion from 'double' to 'int', possible loss of data
c:\users\administrator\source\repos\zombiedash\zombiedash\studentworld.cpp(241): warning C4244: 'initializing': conversion from 'double' to 'int', possible loss of data
c:\users\administrator\source\repos\zombiedash\zombiedash\studentworld.cpp(255): warning C4244: 'initializing': conversion from 'double' to 'int', possible loss of data
c:\users\administrator\source\repos\zombiedash\zombiedash\studentworld.cpp(256): warning C4244: 'initializing': conversion from 'double' to 'int', possible loss of data
c:\users\administrator\source\repos\zombiedash\zombiedash\studentworld.cpp(262): warning C4244: 'initializing': conversion from 'double' to 'int', possible loss of data
c:\users\administrator\source\repos\zombiedash\zombiedash\studentworld.cpp(263): warning C4244: 'initializing': conversion from 'double' to 'int', possible loss of data
c:\users\administrator\source\repos\zombiedash\zombiedash\studentworld.cpp(277): warning C4244: 'initializing': conversion from 'double' to 'int', possible loss of data
c:\users\administrator\source\repos\zombiedash\zombiedash\studentworld.cpp(278): warning C4244: 'initializing': conversion from 'double' to 'int', possible loss of data
c:\users\administrator\source\repos\zombiedash\zombiedash\studentworld.cpp(284): warning C4244: 'initializing': conversion from 'double' to 'int', possible loss of data
c:\users\administrator\source\repos\zombiedash\zombiedash\studentworld.cpp(285): warning C4244: 'initializing': conversion from 'double' to 'int', possible loss of data
c:\users\administrator\source\repos\zombiedash\zombiedash\studentworld.cpp(301): warning C4244: 'initializing': conversion from 'double' to 'int', possible loss of data
c:\users\administrator\source\repos\zombiedash\zombiedash\studentworld.cpp(302): warning C4244: 'initializing': conversion from 'double' to 'int', possible loss of data
c:\users\administrator\source\repos\zombiedash\zombiedash\studentworld.cpp(321): warning C4244: 'initializing': conversion from 'double' to 'int', possible loss of data
c:\users\administrator\source\repos\zombiedash\zombiedash\studentworld.cpp(322): warning C4244: 'initializing': conversion from 'double' to 'int', possible loss of data
c:\users\administrator\source\repos\zombiedash\zombiedash\studentworld.cpp(345): warning C4244: 'initializing': conversion from 'double' to 'int', possible loss of data
c:\users\administrator\source\repos\zombiedash\zombiedash\studentworld.cpp(346): warning C4244: 'initializing': conversion from 'double' to 'int', possible loss of data
c:\users\administrator\source\repos\zombiedash\zombiedash\studentworld.cpp(347): warning C4244: 'initializing': conversion from 'double' to 'int', possible loss of data
c:\users\administrator\source\repos\zombiedash\zombiedash\studentworld.cpp(348): warning C4244: 'initializing': conversion from 'double' to 'int', possible loss of data
c:\users\administrator\source\repos\zombiedash\zombiedash\studentworld.cpp(355): warning C4244: 'initializing': conversion from 'double' to 'int', possible loss of data
c:\users\administrator\source\repos\zombiedash\zombiedash\studentworld.cpp(356): warning C4244: 'initializing': conversion from 'double' to 'int', possible loss of data
c:\users\administrator\source\repos\zombiedash\zombiedash\studentworld.cpp(357): warning C4244: 'initializing': conversion from 'double' to 'int', possible loss of data
c:\users\administrator\source\repos\zombiedash\zombiedash\studentworld.cpp(358): warning C4244: 'initializing': conversion from 'double' to 'int', possible loss of data
c:\users\administrator\source\repos\zombiedash\zombiedash\studentworld.cpp(377): warning C4244: 'initializing': conversion from 'double' to 'int', possible loss of data
c:\users\administrator\source\repos\zombiedash\zombiedash\studentworld.cpp(378): warning C4244: 'initializing': conversion from 'double' to 'int', possible loss of data
c:\users\administrator\source\repos\zombiedash\zombiedash\studentworld.cpp(379): warning C4244: 'initializing': conversion from 'double' to 'int', possible loss of data
c:\users\administrator\source\repos\zombiedash\zombiedash\studentworld.cpp(380): warning C4244: 'initializing': conversion from 'double' to 'int', possible loss of data
c:\users\administrator\source\repos\zombiedash\zombiedash\studentworld.cpp(389): warning C4244: 'initializing': conversion from 'double' to 'int', possible loss of data
c:\users\administrator\source\repos\zombiedash\zombiedash\studentworld.cpp(390): warning C4244: 'initializing': conversion from 'double' to 'int', possible loss of data
c:\users\administrator\source\repos\zombiedash\zombiedash\studentworld.cpp(391): warning C4244: 'initializing': conversion from 'double' to 'int', possible loss of data
c:\users\administrator\source\repos\zombiedash\zombiedash\studentworld.cpp(392): warning C4244: 'initializing': conversion from 'double' to 'int', possible loss of data
c:\users\administrator\source\repos\zombiedash\zombiedash\studentworld.cpp(405): warning C4244: 'initializing': conversion from 'double' to 'int', possible loss of data
c:\users\administrator\source\repos\zombiedash\zombiedash\studentworld.cpp(406): warning C4244: 'initializing': conversion from 'double' to 'int', possible loss of data
c:\users\administrator\source\repos\zombiedash\zombiedash\studentworld.cpp(414): warning C4244: 'argument': conversion from 'double' to 'int', possible loss of data
c:\users\administrator\source\repos\zombiedash\zombiedash\studentworld.cpp(422): warning C4244: 'argument': conversion from 'double' to 'int', possible loss of data
c:\users\administrator\source\repos\zombiedash\zombiedash\studentworld.cpp(430): warning C4244: 'argument': conversion from 'double' to 'int', possible loss of data
c:\users\administrator\source\repos\zombiedash\zombiedash\studentworld.cpp(443): warning C4244: 'argument': conversion from 'double' to 'int', possible loss of data
c:\users\administrator\source\repos\zombiedash\zombiedash\studentworld.cpp(446): warning C4244: 'argument': conversion from 'double' to 'int', possible loss of data
c:\users\administrator\source\repos\zombiedash\zombiedash\studentworld.cpp(447): warning C4244: 'argument': conversion from 'double' to 'int', possible loss of data
  Generating Code...
  ZombieDash.vcxproj -> C:\Users\Administrator\source\repos\ZombieDash\Debug\ZombieDash.exe
